Mon Feb 11 2019 11:35:09 GMT+0300 (East Africa Time) : GET /
Mon Feb 11 2019 11:35:23 GMT+0300 (East Africa Time) : GET /about
Mon Feb 11 2019 11:39:38 GMT+0300 (East Africa Time) : GET /about
Mon Feb 11 2019 11:40:19 GMT+0300 (East Africa Time) : GET /about
Mon Feb 11 2019 11:44:32 GMT+0300 (East Africa Time) : GET /about
Mon Feb 11 2019 11:44:41 GMT+0300 (East Africa Time) : GET /help.html
Mon Feb 11 2019 11:45:14 GMT+0300 (East Africa Time) : GET /
Mon Feb 11 2019 13:55:42 GMT+0300 (East Africa Time) : GET /
Mon Feb 11 2019 13:55:44 GMT+0300 (East Africa Time) : GET /about
Mon Feb 11 2019 14:40:48 GMT+0300 (East Africa Time) : GET /
Mon Feb 11 2019 14:40:52 GMT+0300 (East Africa Time) : GET /
Mon Feb 11 2019 14:40:56 GMT+0300 (East Africa Time) : GET /favicon.ico
Mon Feb 11 2019 14:44:24 GMT+0300 (East Africa Time) : GET /
Mon Feb 11 2019 14:44:26 GMT+0300 (East Africa Time) : GET /favicon.ico
Mon Feb 11 2019 14:47:13 GMT+0300 (East Africa Time) : GET /
Mon Feb 11 2019 14:47:15 GMT+0300 (East Africa Time) : GET /favicon.ico
Mon Feb 11 2019 14:47:20 GMT+0300 (East Africa Time) : GET /about
Mon Feb 11 2019 14:55:28 GMT+0300 (East Africa Time) : GET /about
Mon Feb 11 2019 14:55:30 GMT+0300 (East Africa Time) : GET /favicon.ico
Mon Feb 11 2019 14:56:24 GMT+0300 (East Africa Time) : GET /about
Mon Feb 11 2019 14:56:26 GMT+0300 (East Africa Time) : GET /favicon.ico
Mon Feb 11 2019 15:00:29 GMT+0300 (East Africa Time) : GET /about
Mon Feb 11 2019 15:00:29 GMT+0300 (East Africa Time) : GET /images/bootstrap-solid.svg
Mon Feb 11 2019 15:00:31 GMT+0300 (East Africa Time) : GET /favicon.ico
Mon Feb 11 2019 15:00:48 GMT+0300 (East Africa Time) : GET /about
Mon Feb 11 2019 15:00:49 GMT+0300 (East Africa Time) : GET /images/bootstrap-solid.svg
Mon Feb 11 2019 15:00:50 GMT+0300 (East Africa Time) : GET /favicon.ico
Mon Feb 11 2019 15:00:56 GMT+0300 (East Africa Time) : GET /
Mon Feb 11 2019 15:00:56 GMT+0300 (East Africa Time) : GET /images/bootstrap-solid.svg
Wed Feb 27 2019 10:38:52 GMT+0300 (East Africa Time) : GET /
Wed Feb 27 2019 10:38:52 GMT+0300 (East Africa Time) : GET /images/bootstrap-solid.svg
Wed Feb 27 2019 10:38:54 GMT+0300 (East Africa Time) : GET /favicon.ico
Wed Feb 27 2019 10:38:57 GMT+0300 (East Africa Time) : GET /
Wed Feb 27 2019 10:38:57 GMT+0300 (East Africa Time) : GET /images/bootstrap-solid.svg
Wed Feb 27 2019 10:38:58 GMT+0300 (East Africa Time) : GET /about
Wed Feb 27 2019 10:38:58 GMT+0300 (East Africa Time) : GET /images/bootstrap-solid.svg
Wed Feb 27 2019 10:40:45 GMT+0300 (East Africa Time) : GET /about
Wed Feb 27 2019 10:40:45 GMT+0300 (East Africa Time) : GET /images/bootstrap-solid.svg
Wed Feb 27 2019 10:40:47 GMT+0300 (East Africa Time) : GET /favicon.ico
Wed Feb 27 2019 10:42:47 GMT+0300 (East Africa Time) : GET /about
Wed Feb 27 2019 10:42:47 GMT+0300 (East Africa Time) : GET /images/bootstrap-solid.svg
Wed Feb 27 2019 10:43:00 GMT+0300 (East Africa Time) : GET /projects
Wed Feb 27 2019 10:45:57 GMT+0300 (East Africa Time) : GET /
Wed Feb 27 2019 10:45:57 GMT+0300 (East Africa Time) : GET /images/bootstrap-solid.svg
Wed Feb 27 2019 10:46:53 GMT+0300 (East Africa Time) : GET /
Wed Feb 27 2019 10:46:53 GMT+0300 (East Africa Time) : GET /images/bootstrap-solid.svg
Wed Feb 27 2019 10:46:55 GMT+0300 (East Africa Time) : GET /favicon.ico
Wed Feb 27 2019 10:46:57 GMT+0300 (East Africa Time) : GET /
Wed Feb 27 2019 10:46:57 GMT+0300 (East Africa Time) : GET /images/bootstrap-solid.svg
Wed Feb 27 2019 10:46:58 GMT+0300 (East Africa Time) : GET /favicon.ico
Wed Feb 27 2019 10:49:22 GMT+0300 (East Africa Time) : GET /
Wed Feb 27 2019 10:49:22 GMT+0300 (East Africa Time) : GET /images/bootstrap-solid.svg
Wed Feb 27 2019 10:49:24 GMT+0300 (East Africa Time) : GET /favicon.ico
Wed Feb 27 2019 10:49:30 GMT+0300 (East Africa Time) : GET /
Wed Feb 27 2019 10:49:30 GMT+0300 (East Africa Time) : GET /images/bootstrap-solid.svg
Wed Feb 27 2019 10:49:30 GMT+0300 (East Africa Time) : GET /favicon.ico
Wed Feb 27 2019 10:53:36 GMT+0300 (East Africa Time) : GET /
Wed Feb 27 2019 10:53:36 GMT+0300 (East Africa Time) : GET /main.css
Wed Feb 27 2019 10:53:36 GMT+0300 (East Africa Time) : GET /images/bootstrap-solid.svg
Wed Feb 27 2019 10:53:38 GMT+0300 (East Africa Time) : GET /favicon.ico
Wed Feb 27 2019 10:53:59 GMT+0300 (East Africa Time) : GET /
Wed Feb 27 2019 10:53:59 GMT+0300 (East Africa Time) : GET /main.css
Wed Feb 27 2019 10:53:59 GMT+0300 (East Africa Time) : GET /images/bootstrap-solid.svg
Wed Feb 27 2019 10:54:00 GMT+0300 (East Africa Time) : GET /favicon.ico
Wed Feb 27 2019 10:54:10 GMT+0300 (East Africa Time) : GET /
Wed Feb 27 2019 10:54:10 GMT+0300 (East Africa Time) : GET /main.css
Wed Feb 27 2019 10:54:10 GMT+0300 (East Africa Time) : GET /images/bootstrap-solid.svg
Wed Feb 27 2019 10:54:12 GMT+0300 (East Africa Time) : GET /favicon.ico
Wed Feb 27 2019 10:54:28 GMT+0300 (East Africa Time) : GET /
Wed Feb 27 2019 10:54:28 GMT+0300 (East Africa Time) : GET /main.css
Wed Feb 27 2019 10:54:28 GMT+0300 (East Africa Time) : GET /images/bootstrap-solid.svg
Wed Feb 27 2019 10:54:30 GMT+0300 (East Africa Time) : GET /favicon.ico
Wed Feb 27 2019 10:54:59 GMT+0300 (East Africa Time) : GET /
Wed Feb 27 2019 10:54:59 GMT+0300 (East Africa Time) : GET /main.css
Wed Feb 27 2019 10:54:59 GMT+0300 (East Africa Time) : GET /images/bootstrap-solid.svg
Wed Feb 27 2019 10:55:01 GMT+0300 (East Africa Time) : GET /favicon.ico
Wed Feb 27 2019 10:55:06 GMT+0300 (East Africa Time) : GET /about
Wed Feb 27 2019 10:55:06 GMT+0300 (East Africa Time) : GET /main.css
Wed Feb 27 2019 10:55:06 GMT+0300 (East Africa Time) : GET /images/bootstrap-solid.svg
Wed Feb 27 2019 10:55:40 GMT+0300 (East Africa Time) : GET /about
Wed Feb 27 2019 10:55:40 GMT+0300 (East Africa Time) : GET /main.css
Wed Feb 27 2019 10:55:40 GMT+0300 (East Africa Time) : GET /images/bootstrap-solid.svg
Wed Feb 27 2019 10:55:42 GMT+0300 (East Africa Time) : GET /favicon.ico
Wed Feb 27 2019 10:57:04 GMT+0300 (East Africa Time) : GET /about
Wed Feb 27 2019 10:57:04 GMT+0300 (East Africa Time) : GET /main.css
Wed Feb 27 2019 10:57:04 GMT+0300 (East Africa Time) : GET /images/bootstrap-solid.svg
Wed Feb 27 2019 10:57:06 GMT+0300 (East Africa Time) : GET /favicon.ico
Wed Feb 27 2019 11:01:59 GMT+0300 (East Africa Time) : GET /about
Wed Feb 27 2019 11:01:59 GMT+0300 (East Africa Time) : GET /main.css
Wed Feb 27 2019 11:01:59 GMT+0300 (East Africa Time) : GET /images/bootstrap-solid.svg
Wed Feb 27 2019 11:02:13 GMT+0300 (East Africa Time) : GET /projects
Wed Feb 27 2019 11:02:13 GMT+0300 (East Africa Time) : GET /main.css
Wed Feb 27 2019 11:02:13 GMT+0300 (East Africa Time) : GET /images/bootstrap-solid.svg
Wed Feb 27 2019 11:08:44 GMT+0300 (East Africa Time) : GET /projects
Wed Feb 27 2019 11:08:44 GMT+0300 (East Africa Time) : GET /main.css
Wed Feb 27 2019 11:08:44 GMT+0300 (East Africa Time) : GET /images/bootstrap-solid.svg
Wed Feb 27 2019 11:08:46 GMT+0300 (East Africa Time) : GET /favicon.ico
Wed Feb 27 2019 11:09:02 GMT+0300 (East Africa Time) : GET /main.css
